running egg_info
writing ../../build/movella_pkg/movella_pkg.egg-info/PKG-INFO
writing dependency_links to ../../build/movella_pkg/movella_pkg.egg-info/dependency_links.txt
writing entry points to ../../build/movella_pkg/movella_pkg.egg-info/entry_points.txt
writing requirements to ../../build/movella_pkg/movella_pkg.egg-info/requires.txt
writing top-level names to ../../build/movella_pkg/movella_pkg.egg-info/top_level.txt
reading manifest file '../../build/movella_pkg/movella_pkg.egg-info/SOURCES.txt'
writing manifest file '../../build/movella_pkg/movella_pkg.egg-info/SOURCES.txt'
running build
running build_py
copying movella_pkg/publisher_node_test.py -> /home/jay/ros2_movella/build/movella_pkg/build/lib/movella_pkg
running install
running install_lib
copying /home/jay/ros2_movella/build/movella_pkg/build/lib/movella_pkg/publisher_node_test.py -> /home/jay/ros2_movella/install/movella_pkg/lib/python3.10/site-packages/movella_pkg
byte-compiling /home/jay/ros2_movella/install/movella_pkg/lib/python3.10/site-packages/movella_pkg/publisher_node_test.py to publisher_node_test.cpython-310.pyc
running install_data
running install_egg_info
removing '/home/jay/ros2_movella/install/movella_pkg/lib/python3.10/site-packages/movella_pkg-0.0.0-py3.10.egg-info' (and everything under it)
Copying ../../build/movella_pkg/movella_pkg.egg-info to /home/jay/ros2_movella/install/movella_pkg/lib/python3.10/site-packages/movella_pkg-0.0.0-py3.10.egg-info
running install_scripts
Installing my_node script to /home/jay/ros2_movella/install/movella_pkg/lib/movella_pkg
Installing publisher_node_test script to /home/jay/ros2_movella/install/movella_pkg/lib/movella_pkg
writing list of installed files to '/home/jay/ros2_movella/build/movella_pkg/install.log'
