[0.306s] Invoking command in '/home/jay/ros2_movella/src/movella_pkg': PYTHONPATH=/home/jay/ros2_movella/build/movella_pkg/prefix_override:/home/jay/.local/lib/python3.10/site-packages/colcon_core/task/python/colcon_distutils_commands:/home/jay/ros2_movella/install/movella_pkg/lib/python3.10/site-packages:${PYTHONPATH} /usr/bin/python3 -W ignore:setup.py install is deprecated setup.py egg_info --egg-base ../../build/movella_pkg build --build-base /home/jay/ros2_movella/build/movella_pkg/build install --record /home/jay/ros2_movella/build/movella_pkg/install.log --single-version-externally-managed install_data
[0.425s] running egg_info
[0.425s] writing ../../build/movella_pkg/movella_pkg.egg-info/PKG-INFO
[0.425s] writing dependency_links to ../../build/movella_pkg/movella_pkg.egg-info/dependency_links.txt
[0.425s] writing entry points to ../../build/movella_pkg/movella_pkg.egg-info/entry_points.txt
[0.425s] writing requirements to ../../build/movella_pkg/movella_pkg.egg-info/requires.txt
[0.425s] writing top-level names to ../../build/movella_pkg/movella_pkg.egg-info/top_level.txt
[0.426s] reading manifest file '../../build/movella_pkg/movella_pkg.egg-info/SOURCES.txt'
[0.427s] writing manifest file '../../build/movella_pkg/movella_pkg.egg-info/SOURCES.txt'
[0.427s] running build
[0.427s] running build_py
[0.427s] copying movella_pkg/publisher_node_test.py -> /home/jay/ros2_movella/build/movella_pkg/build/lib/movella_pkg
[0.427s] running install
[0.427s] running install_lib
[0.427s] copying /home/jay/ros2_movella/build/movella_pkg/build/lib/movella_pkg/publisher_node_test.py -> /home/jay/ros2_movella/install/movella_pkg/lib/python3.10/site-packages/movella_pkg
[0.428s] byte-compiling /home/jay/ros2_movella/install/movella_pkg/lib/python3.10/site-packages/movella_pkg/publisher_node_test.py to publisher_node_test.cpython-310.pyc
[0.428s] running install_data
[0.428s] running install_egg_info
[0.429s] removing '/home/jay/ros2_movella/install/movella_pkg/lib/python3.10/site-packages/movella_pkg-0.0.0-py3.10.egg-info' (and everything under it)
[0.429s] Copying ../../build/movella_pkg/movella_pkg.egg-info to /home/jay/ros2_movella/install/movella_pkg/lib/python3.10/site-packages/movella_pkg-0.0.0-py3.10.egg-info
[0.430s] running install_scripts
[0.440s] Installing my_node script to /home/jay/ros2_movella/install/movella_pkg/lib/movella_pkg
[0.440s] Installing publisher_node_test script to /home/jay/ros2_movella/install/movella_pkg/lib/movella_pkg
[0.440s] writing list of installed files to '/home/jay/ros2_movella/build/movella_pkg/install.log'
[0.451s] Invoked command in '/home/jay/ros2_movella/src/movella_pkg' returned '0': PYTHONPATH=/home/jay/ros2_movella/build/movella_pkg/prefix_override:/home/jay/.local/lib/python3.10/site-packages/colcon_core/task/python/colcon_distutils_commands:/home/jay/ros2_movella/install/movella_pkg/lib/python3.10/site-packages:${PYTHONPATH} /usr/bin/python3 -W ignore:setup.py install is deprecated setup.py egg_info --egg-base ../../build/movella_pkg build --build-base /home/jay/ros2_movella/build/movella_pkg/build install --record /home/jay/ros2_movella/build/movella_pkg/install.log --single-version-externally-managed install_data
