running egg_info
creating ../../build/movella_pkg/movella_pkg.egg-info
writing ../../build/movella_pkg/movella_pkg.egg-info/PKG-INFO
writing dependency_links to ../../build/movella_pkg/movella_pkg.egg-info/dependency_links.txt
writing entry points to ../../build/movella_pkg/movella_pkg.egg-info/entry_points.txt
writing requirements to ../../build/movella_pkg/movella_pkg.egg-info/requires.txt
writing top-level names to ../../build/movella_pkg/movella_pkg.egg-info/top_level.txt
writing manifest file '../../build/movella_pkg/movella_pkg.egg-info/SOURCES.txt'
reading manifest file '../../build/movella_pkg/movella_pkg.egg-info/SOURCES.txt'
writing manifest file '../../build/movella_pkg/movella_pkg.egg-info/SOURCES.txt'
running build
running build_py
creating /home/jay/ros2_movella/build/movella_pkg/build
creating /home/jay/ros2_movella/build/movella_pkg/build/lib
creating /home/jay/ros2_movella/build/movella_pkg/build/lib/movella_pkg
copying movella_pkg/__init__.py -> /home/jay/ros2_movella/build/movella_pkg/build/lib/movella_pkg
copying movella_pkg/publisher_node_test.py -> /home/jay/ros2_movella/build/movella_pkg/build/lib/movella_pkg
copying movella_pkg/my_node.py -> /home/jay/ros2_movella/build/movella_pkg/build/lib/movella_pkg
running install
running install_lib
creating /home/jay/ros2_movella/install/movella_pkg/lib/python3.10/site-packages/movella_pkg
copying /home/jay/ros2_movella/build/movella_pkg/build/lib/movella_pkg/__init__.py -> /home/jay/ros2_movella/install/movella_pkg/lib/python3.10/site-packages/movella_pkg
copying /home/jay/ros2_movella/build/movella_pkg/build/lib/movella_pkg/publisher_node_test.py -> /home/jay/ros2_movella/install/movella_pkg/lib/python3.10/site-packages/movella_pkg
copying /home/jay/ros2_movella/build/movella_pkg/build/lib/movella_pkg/my_node.py -> /home/jay/ros2_movella/install/movella_pkg/lib/python3.10/site-packages/movella_pkg
byte-compiling /home/jay/ros2_movella/install/movella_pkg/lib/python3.10/site-packages/movella_pkg/__init__.py to __init__.cpython-310.pyc
byte-compiling /home/jay/ros2_movella/install/movella_pkg/lib/python3.10/site-packages/movella_pkg/publisher_node_test.py to publisher_node_test.cpython-310.pyc
byte-compiling /home/jay/ros2_movella/install/movella_pkg/lib/python3.10/site-packages/movella_pkg/my_node.py to my_node.cpython-310.pyc
running install_data
creating /home/jay/ros2_movella/install/movella_pkg/share/ament_index
creating /home/jay/ros2_movella/install/movella_pkg/share/ament_index/resource_index
creating /home/jay/ros2_movella/install/movella_pkg/share/ament_index/resource_index/packages
copying resource/movella_pkg -> /home/jay/ros2_movella/install/movella_pkg/share/ament_index/resource_index/packages
copying package.xml -> /home/jay/ros2_movella/install/movella_pkg/share/movella_pkg
running install_egg_info
Copying ../../build/movella_pkg/movella_pkg.egg-info to /home/jay/ros2_movella/install/movella_pkg/lib/python3.10/site-packages/movella_pkg-0.0.0-py3.10.egg-info
running install_scripts
Installing my_node script to /home/jay/ros2_movella/install/movella_pkg/lib/movella_pkg
Installing publisher_node_test script to /home/jay/ros2_movella/install/movella_pkg/lib/movella_pkg
writing list of installed files to '/home/jay/ros2_movella/build/movella_pkg/install.log'
